<?xml version="1.0" encoding="UTF-8"?>
<!-- Generated by org.testng.reporters.JUnitXMLReporter -->
<testsuite hostname="DESKTOP-7S4NM7P" ignored="0" name="Default test" tests="3" failures="0" timestamp="02 Jun 2020 15:28:12 GMT" time="22.109" errors="0">
  <testcase name="setup" time="18.771" classname="com.qa.test.Demo"/>
  <testcase name="closelightbox" time="1.773" classname="com.qa.test.Demo"/>
  <testcase name="quit" time="1.503" classname="com.qa.test.Demo"/>
</testsuite> <!-- Default test -->
