<?xml version="1.0" encoding="UTF-8"?>
<testsuite xmlns:xsi="http://www.w3.org/2001/XMLSchema-instance" xsi:noNamespaceSchemaLocation="https://maven.apache.org/surefire/maven-surefire-plugin/xsd/surefire-test-report-3.0.xsd" version="3.0" name="TestSuite" time="204.943" tests="4" errors="0" skipped="0" failures="1">
  <properties>
[...]
</properties>
  <testcase name="setup" classname="com.qa.test.Demo" time="46.185"/>
  <testcase name="closelightbox" classname="com.qa.test.Demo" time="132.868"/>
  <testcase name="editbox1" classname="com.qa.test.Demo" time="16.339">
    <failure message="element click intercepted: Element &lt;button type=&quot;button&quot; onclick=&quot;showInput();&quot; class=&quot;btn btn-default&quot;&gt;...&lt;/button&gt; is not clickable at point (428, 571). Other element would receive the click: &lt;div id=&quot;at-cv-lightbox-inner&quot;&gt;...&lt;/div&gt;&#10;  (Session info: chrome=83.0.4103.97)&#10;Build info: version: &apos;3.141.59&apos;, revision: &apos;e82be7d358&apos;, time: &apos;2018-11-14T08:17:03&apos;&#10;System info: host: &apos;DESKTOP-7S4NM7P&apos;, ip: &apos;192.168.8.100&apos;, os.name: &apos;Windows 10&apos;, os.arch: &apos;x86&apos;, os.version: &apos;10.0&apos;, java.version: &apos;1.8.0_181&apos;&#10;Driver info: org.openqa.selenium.chrome.ChromeDriver&#10;Capabilities {acceptInsecureCerts: false, browserName: chrome, browserVersion: 83.0.4103.97, chrome: {chromedriverVersion: 83.0.4103.39 (ccbf011cb2d2b..., userDataDir: C:\Users\Jeevan\AppData\Loc...}, goog:chromeOptions: {debuggerAddress: localhost:64362}, javascriptEnabled: true, networkConnectionEnabled: false, pageLoadStrategy: normal, platform: WINDOWS, platformName: WINDOWS, proxy: Proxy(), setWindowRect: true, strictFileInteractability: false, timeouts: {implicit: 0, pageLoad: 300000, script: 30000}, unhandledPromptBehavior: dismiss and notify, webauthn:virtualAuthenticators: true}&#10;Session ID: f29d6f75ec3bd753559ce1681530208c" type="org.openqa.selenium.ElementClickInterceptedException"><![CDATA[org.openqa.selenium.ElementClickInterceptedException: 
element click intercepted: Element <button type="button" onclick="showInput();" class="btn btn-default">...</button> is not clickable at point (428, 571). Other element would receive the click: <div id="at-cv-lightbox-inner">...</div>
  (Session info: chrome=83.0.4103.97)
Build info: version: '3.141.59', revision: 'e82be7d358', time: '2018-11-14T08:17:03'
System info: host: 'DESKTOP-7S4NM7P', ip: '192.168.8.100', os.name: 'Windows 10', os.arch: 'x86', os.version: '10.0', java.version: '1.8.0_181'
Driver info: org.openqa.selenium.chrome.ChromeDriver
Capabilities {acceptInsecureCerts: false, browserName: chrome, browserVersion: 83.0.4103.97, chrome: {chromedriverVersion: 83.0.4103.39 (ccbf011cb2d2b..., userDataDir: C:\Users\Jeevan\AppData\Loc...}, goog:chromeOptions: {debuggerAddress: localhost:64362}, javascriptEnabled: true, networkConnectionEnabled: false, pageLoadStrategy: normal, platform: WINDOWS, platformName: WINDOWS, proxy: Proxy(), setWindowRect: true, strictFileInteractability: false, timeouts: {implicit: 0, pageLoad: 300000, script: 30000}, unhandledPromptBehavior: dismiss and notify, webauthn:virtualAuthenticators: true}
Session ID: f29d6f75ec3bd753559ce1681530208c
	at com.qa.test.Demo.editbox1(Demo.java:51)
]]></failure>
  </testcase>
  <testcase name="quit" classname="com.qa.test.Demo" time="1.279"/>
</testsuite>