<?xml version="1.0" encoding="UTF-8"?>
<testng-results skipped="0" failed="0" ignored="0" total="4" passed="4">
  <reporter-output>
  </reporter-output>
  <suite name="Suite" duration-ms="21376" started-at="2020-06-03T14:00:51Z" finished-at="2020-06-03T14:01:12Z">
    <groups>
    </groups>
    <test name="Test" duration-ms="21376" started-at="2020-06-03T14:00:51Z" finished-at="2020-06-03T14:01:12Z">
      <class name="com.qa.test.Demo">
        <test-method status="PASS" signature="setup()[pri:1, instance:com.qa.test.Demo@29ee9faa]" name="setup" duration-ms="11590" started-at="2020-06-03T14:00:51Z" finished-at="2020-06-03T14:01:02Z">
          <reporter-output>
          </reporter-output>
        </test-method> <!-- setup -->
        <test-method status="PASS" signature="closelightbox()[pri:2, instance:com.qa.test.Demo@29ee9faa]" name="closelightbox" duration-ms="2836" started-at="2020-06-03T14:01:02Z" finished-at="2020-06-03T14:01:05Z">
          <reporter-output>
          </reporter-output>
        </test-method> <!-- closelightbox -->
        <test-method status="PASS" signature="editbox1()[pri:3, instance:com.qa.test.Demo@29ee9faa]" name="editbox1" duration-ms="6076" started-at="2020-06-03T14:01:05Z" finished-at="2020-06-03T14:01:11Z">
          <reporter-output>
          </reporter-output>
        </test-method> <!-- editbox1 -->
        <test-method status="PASS" signature="quit()[pri:4, instance:com.qa.test.Demo@29ee9faa]" name="quit" duration-ms="797" started-at="2020-06-03T14:01:11Z" finished-at="2020-06-03T14:01:12Z">
          <reporter-output>
          </reporter-output>
        </test-method> <!-- quit -->
      </class> <!-- com.qa.test.Demo -->
    </test> <!-- Test -->
  </suite> <!-- Suite -->
</testng-results>
